[2025-08-11T06:08:13.568411+00:00] TASK:6d77417e-640b-4366-9c07-30fb2d72c478 MSG:51d90672-14d1-4a4c-b793-16acafe04237 OUTPUT:
ping


[2025-08-11T06:08:13.568586+00:00] TASK:6d77417e-640b-4366-9c07-30fb2d72c478 COMPLETED exit_code=0
[2025-08-11T06:08:24.897793+00:00] TASK:4a469fea-58e5-4fc9-8937-8a929463bdf8 MSG:4e119d94-6b4d-470a-bb43-b4ce1beb78de OUTPUT:
Filesystem      Size  Used Avail Use% Mounted on


[2025-08-11T06:08:24.897873+00:00] TASK:4a469fea-58e5-4fc9-8937-8a929463bdf8 MSG:97024d8f-732e-4484-a748-413c4447a6b7 OUTPUT:
tmpfs           6.1G  2.2M  6.1G   1% /run


[2025-08-11T06:08:24.897893+00:00] TASK:4a469fea-58e5-4fc9-8937-8a929463bdf8 MSG:87fdc7b2-74ee-4193-a41e-31c74efb5a6d OUTPUT:
/dev/nvme0n1p6  293G   52G  226G  19% /


[2025-08-11T06:08:24.897909+00:00] TASK:4a469fea-58e5-4fc9-8937-8a929463bdf8 MSG:4759fa1a-af0d-4543-88ab-9169f2abe8d3 OUTPUT:
tmpfs            31G  188K   31G   1% /dev/shm


[2025-08-11T06:08:24.897923+00:00] TASK:4a469fea-58e5-4fc9-8937-8a929463bdf8 MSG:3b066b48-eec5-4239-92e8-8bc20c50a7b4 OUTPUT:
tmpfs           5.0M   16K  5.0M   1% /run/lock


[2025-08-11T06:08:24.897938+00:00] TASK:4a469fea-58e5-4fc9-8937-8a929463bdf8 MSG:3b9948ef-b415-4bf1-ba83-7084a8e7f0a2 OUTPUT:
efivarfs        128K   64K   60K  52% /sys/firmware/efi/efivars


[2025-08-11T06:08:24.897952+00:00] TASK:4a469fea-58e5-4fc9-8937-8a929463bdf8 MSG:8813ebb3-ac26-4807-89d3-34492f094895 OUTPUT:
/dev/nvme0n1p1   96M   37M   60M  39% /boot/efi


[2025-08-11T06:08:24.897965+00:00] TASK:4a469fea-58e5-4fc9-8937-8a929463bdf8 MSG:bbeab7ee-2f5f-42e6-991f-cb6b8afb2d3a OUTPUT:
tmpfs           6.1G   96K  6.1G   1% /run/user/120


[2025-08-11T06:08:24.897977+00:00] TASK:4a469fea-58e5-4fc9-8937-8a929463bdf8 MSG:380acfe7-ac65-45dd-8565-e223b37db694 OUTPUT:
tmpfs           6.1G   80K  6.1G   1% /run/user/0


[2025-08-11T06:08:24.898051+00:00] TASK:4a469fea-58e5-4fc9-8937-8a929463bdf8 COMPLETED exit_code=0
