[2025-08-10T18:05:15.483526+00:00] TASK:9ba73c4b-9450-4dec-ade6-dae1ec65531b MSG:228cbf57-239e-4383-9001-306a1bcc79c1 OUTPUT:
total 96


[2025-08-10T18:05:15.483565+00:00] TASK:9ba73c4b-9450-4dec-ade6-dae1ec65531b MSG:754d7580-7885-4844-887e-934eb5c813c3 OUTPUT:
drwxr-xr-x 5 root root  4096 Aug 10 23:29 .


[2025-08-10T18:05:15.483582+00:00] TASK:9ba73c4b-9450-4dec-ade6-dae1ec65531b MSG:229b1383-07ab-493d-9c30-8dadb0725d49 OUTPUT:
drwxr-xr-x 7 root root  4096 Aug 10 23:07 ..


[2025-08-10T18:05:15.483593+00:00] TASK:9ba73c4b-9450-4dec-ade6-dae1ec65531b MSG:d03e6e22-0011-4c9c-bb9e-893b6197701f OUTPUT:
-rw-r--r-- 1 root root 33133 Aug 10 23:33 advanced_zmq_client.py


[2025-08-10T18:05:15.483602+00:00] TASK:9ba73c4b-9450-4dec-ade6-dae1ec65531b MSG:c8dca48c-6a9b-4cc6-8411-1210777b2903 OUTPUT:
-rw-r--r-- 1 root root   226 Aug 10 23:28 client_config.json


[2025-08-10T18:05:15.483612+00:00] TASK:9ba73c4b-9450-4dec-ade6-dae1ec65531b MSG:82d3eb7b-98bc-48ed-affe-7d37701729e0 OUTPUT:
-rw-r--r-- 1 root root  3372 Aug 10 23:25 client_config.py


[2025-08-10T18:05:15.483621+00:00] TASK:9ba73c4b-9450-4dec-ade6-dae1ec65531b MSG:f35e1727-1a4e-4e42-8d41-aafe54a33e63 OUTPUT:
-rw-r--r-- 1 root root  7988 Aug 10 23:15 client_id_utils.py


[2025-08-10T18:05:15.483630+00:00] TASK:9ba73c4b-9450-4dec-ade6-dae1ec65531b MSG:1900e091-7cc6-4447-ac87-226c9ef70cd2 OUTPUT:
drwxr-xr-x 5 root root  4096 Aug 10 23:17 cvenv


[2025-08-10T18:05:15.483639+00:00] TASK:9ba73c4b-9450-4dec-ade6-dae1ec65531b MSG:54f4646c-2455-47d7-b3e5-4ee75f691606 OUTPUT:
-rw-r--r-- 1 root root    44 Aug 10 23:19 .env


[2025-08-10T18:05:15.483647+00:00] TASK:9ba73c4b-9450-4dec-ade6-dae1ec65531b MSG:fd7e987d-374a-48e7-ac29-c3739ca76226 OUTPUT:
drwxr-xr-x 2 root root  4096 Aug 10 23:29 logs_client


[2025-08-10T18:05:15.483655+00:00] TASK:9ba73c4b-9450-4dec-ade6-dae1ec65531b MSG:be3d0833-d2af-45ad-9863-1ed43bdd8d59 OUTPUT:
drwxr-xr-x 2 root root  4096 Aug 10 23:33 __pycache__


[2025-08-10T18:05:15.483664+00:00] TASK:9ba73c4b-9450-4dec-ade6-dae1ec65531b MSG:538eac6c-7f9d-4f62-93fa-31c6d8fba2a0 OUTPUT:
-rw-r--r-- 1 root root  5949 Aug 10 23:19 README.md


[2025-08-10T18:05:15.483671+00:00] TASK:9ba73c4b-9450-4dec-ade6-dae1ec65531b MSG:8f9a853c-badf-461f-8f09-a088e3390025 OUTPUT:
-rw-r--r-- 1 root root   109 Aug 10 23:16 requirements.txt


[2025-08-10T18:05:15.483679+00:00] TASK:9ba73c4b-9450-4dec-ade6-dae1ec65531b MSG:bac7b445-1022-4216-8093-9ad7368b23e7 OUTPUT:
-rw-r--r-- 1 root root  6017 Aug 10 23:14 run_client.py


[2025-08-10T18:05:15.483735+00:00] TASK:9ba73c4b-9450-4dec-ade6-dae1ec65531b COMPLETED exit_code=0
