[2025-08-10T12:40:30.489333+00:00] TASK:539b7410-fe87-4ccc-bc8f-08e8ee8fd685 MSG:4bd02e7e-a139-4edb-9e20-5276c9636533 OUTPUT:
/home/selva/client_f1_agent


[2025-08-10T12:40:30.490015+00:00] TASK:539b7410-fe87-4ccc-bc8f-08e8ee8fd685 COMPLETED exit_code=0
[2025-08-10T12:50:41.713125+00:00] TASK:23e6f8d6-07d3-42ac-b510-52f058d3a5bf MSG:21e361a8-642f-4064-a80e-e369e53fe6a2 OUTPUT:
api_keys.json
app.py
firebase-service-account.json
logs_client
logs_server
__pycache__
requirements.txt
salt_minion_checker.py
ven
zero_client.py
zero.py


[2025-08-10T12:50:41.715007+00:00] TASK:23e6f8d6-07d3-42ac-b510-52f058d3a5bf COMPLETED exit_code=0
[2025-08-10T12:55:50.590839+00:00] TASK:a52c5e7e-0e6e-4135-aac9-9366b8ac59d1 MSG:e7372415-595c-4db1-ac49-719b990c18b2 OUTPUT:
/home/selva/client_f1_agent


[2025-08-10T12:55:50.592834+00:00] TASK:a52c5e7e-0e6e-4135-aac9-9366b8ac59d1 COMPLETED exit_code=0
[2025-08-10T12:58:08.653509+00:00] TASK:3a4295fc-570e-47c9-aaab-e224b22c1f1e MSG:e2e833e7-00f6-410c-ab69-a70595697c9c OUTPUT:
hi


[2025-08-10T12:58:08.654841+00:00] TASK:3a4295fc-570e-47c9-aaab-e224b22c1f1e COMPLETED exit_code=0
